Copyright 1986-2020 Xilinx, Inc. All Rights Reserved.
----------------------------------------------------------------------------------------------------------------------------------------------------------------------------------
| Tool Version     : Vivado v.2020.1 (win64) Build 2902540 Wed May 27 19:54:49 MDT 2020
| Date             : Thu Oct 20 15:12:52 2022
| Host             : LAPTOP-F74GHAFM running 64-bit major release  (build 9200)
| Command          : report_power -file design_mb_tg_wrapper_power_routed.rpt -pb design_mb_tg_wrapper_power_summary_routed.pb -rpx design_mb_tg_wrapper_power_routed.rpx
| Design           : design_mb_tg_wrapper
| Device           : xc7a35tcpg236-1
| Design State     : routed
| Grade            : commercial
| Process          : typical
| Characterization : Production
----------------------------------------------------------------------------------------------------------------------------------------------------------------------------------

Power Report

Table of Contents
-----------------
1. Summary
1.1 On-Chip Components
1.2 Power Supply Summary
1.3 Confidence Level
2. Settings
2.1 Environment
2.2 Clock Constraints
3. Detailed Reports
3.1 By Hierarchy

1. Summary
----------

+--------------------------+--------------+
| Total On-Chip Power (W)  | 0.225        |
| Design Power Budget (W)  | Unspecified* |
| Power Budget Margin (W)  | NA           |
| Dynamic (W)              | 0.152        |
| Device Static (W)        | 0.074        |
| Effective TJA (C/W)      | 5.0          |
| Max Ambient (C)          | 83.9         |
| Junction Temperature (C) | 26.1         |
| Confidence Level         | Low          |
| Setting File             | ---          |
| Simulation Activity File | ---          |
| Design Nets Matched      | NA           |
+--------------------------+--------------+
* Specify Design Power Budget using, set_operating_conditions -design_power_budget <value in Watts>


1.1 On-Chip Components
----------------------

+--------------------------+-----------+----------+-----------+-----------------+
| On-Chip                  | Power (W) | Used     | Available | Utilization (%) |
+--------------------------+-----------+----------+-----------+-----------------+
| Clocks                   |     0.011 |       10 |       --- |             --- |
| Slice Logic              |     0.003 |     5256 |       --- |             --- |
|   LUT as Logic           |     0.002 |     1852 |     20800 |            8.90 |
|   LUT as Distributed RAM |    <0.001 |       64 |      9600 |            0.67 |
|   CARRY4                 |    <0.001 |       82 |      8150 |            1.01 |
|   Register               |    <0.001 |     1976 |     41600 |            4.75 |
|   F7/F8 Muxes            |    <0.001 |      111 |     32600 |            0.34 |
|   LUT as Shift Register  |    <0.001 |       74 |      9600 |            0.77 |
|   BUFG                   |    <0.001 |        1 |        32 |            3.13 |
|   Others                 |    <0.001 |      547 |       --- |             --- |
| Signals                  |     0.007 |     3724 |       --- |             --- |
| Block RAM                |     0.008 |       32 |        50 |           64.00 |
| MMCM                     |     0.106 |        1 |         5 |           20.00 |
| I/O                      |     0.017 |       30 |       106 |           28.30 |
| Static Power             |     0.074 |          |           |                 |
| Total                    |     0.225 |          |           |                 |
+--------------------------+-----------+----------+-----------+-----------------+


1.2 Power Supply Summary
------------------------

+-----------+-------------+-----------+-------------+------------+-------------+-------------+------------+
| Source    | Voltage (V) | Total (A) | Dynamic (A) | Static (A) | Powerup (A) | Budget (A)  | Margin (A) |
+-----------+-------------+-----------+-------------+------------+-------------+-------------+------------+
| Vccint    |       1.000 |     0.039 |       0.029 |      0.011 |       NA    | Unspecified | NA         |
| Vccaux    |       1.800 |     0.072 |       0.059 |      0.013 |       NA    | Unspecified | NA         |
| Vcco33    |       3.300 |     0.006 |       0.005 |      0.001 |       NA    | Unspecified | NA         |
| Vcco25    |       2.500 |     0.000 |       0.000 |      0.000 |       NA    | Unspecified | NA         |
| Vcco18    |       1.800 |     0.000 |       0.000 |      0.000 |       NA    | Unspecified | NA         |
| Vcco15    |       1.500 |     0.000 |       0.000 |      0.000 |       NA    | Unspecified | NA         |
| Vcco135   |       1.350 |     0.000 |       0.000 |      0.000 |       NA    | Unspecified | NA         |
| Vcco12    |       1.200 |     0.000 |       0.000 |      0.000 |       NA    | Unspecified | NA         |
| Vccaux_io |       1.800 |     0.000 |       0.000 |      0.000 |       NA    | Unspecified | NA         |
| Vccbram   |       1.000 |     0.002 |       0.001 |      0.001 |       NA    | Unspecified | NA         |
| MGTAVcc   |       1.000 |     0.000 |       0.000 |      0.000 |       NA    | Unspecified | NA         |
| MGTAVtt   |       1.200 |     0.000 |       0.000 |      0.000 |       NA    | Unspecified | NA         |
| Vccadc    |       1.800 |     0.020 |       0.000 |      0.020 |       NA    | Unspecified | NA         |
+-----------+-------------+-----------+-------------+------------+-------------+-------------+------------+


1.3 Confidence Level
--------------------

+-----------------------------+------------+--------------------------------------------------------+------------------------------------------------------------------------------------------------------------+
| User Input Data             | Confidence | Details                                                | Action                                                                                                     |
+-----------------------------+------------+--------------------------------------------------------+------------------------------------------------------------------------------------------------------------+
| Design implementation state | High       | Design is routed                                       |                                                                                                            |
| Clock nodes activity        | High       | User specified more than 95% of clocks                 |                                                                                                            |
| I/O nodes activity          | Low        | More than 75% of inputs are missing user specification | Provide missing input activity with simulation results or by editing the "By Resource Type -> I/Os" view   |
| Internal nodes activity     | Medium     | User specified less than 25% of internal nodes         | Provide missing internal nodes activity with simulation results or by editing the "By Resource Type" views |
| Device models               | High       | Device models are Production                           |                                                                                                            |
|                             |            |                                                        |                                                                                                            |
| Overall confidence level    | Low        |                                                        |                                                                                                            |
+-----------------------------+------------+--------------------------------------------------------+------------------------------------------------------------------------------------------------------------+


2. Settings
-----------

2.1 Environment
---------------

+-----------------------+--------------------------+
| Ambient Temp (C)      | 25.0                     |
| ThetaJA (C/W)         | 5.0                      |
| Airflow (LFM)         | 250                      |
| Heat Sink             | medium (Medium Profile)  |
| ThetaSA (C/W)         | 4.6                      |
| Board Selection       | medium (10"x10")         |
| # of Board Layers     | 12to15 (12 to 15 Layers) |
| Board Temperature (C) | 25.0                     |
+-----------------------+--------------------------+


2.2 Clock Constraints
---------------------

+----------------------------------------------------------------+-----------------------------------------------------------------+-----------------+
| Clock                                                          | Domain                                                          | Constraint (ns) |
+----------------------------------------------------------------+-----------------------------------------------------------------+-----------------+
| clk_out1_design_mb_tg_clk_wiz_1_0                              | design_mb_tg_i/clk_wiz_1/inst/clk_out1_design_mb_tg_clk_wiz_1_0 |            10.0 |
| clk_out1_design_mb_tg_clk_wiz_1_0_1                            | design_mb_tg_i/clk_wiz_1/inst/clk_out1_design_mb_tg_clk_wiz_1_0 |            10.0 |
| clkfbout_design_mb_tg_clk_wiz_1_0                              | design_mb_tg_i/clk_wiz_1/inst/clkfbout_design_mb_tg_clk_wiz_1_0 |            10.0 |
| clkfbout_design_mb_tg_clk_wiz_1_0_1                            | design_mb_tg_i/clk_wiz_1/inst/clkfbout_design_mb_tg_clk_wiz_1_0 |            10.0 |
| design_mb_tg_i/mdm_1/U0/Use_E2.BSCAN_I/Use_E2.BSCANE2_I/DRCK   | design_mb_tg_i/mdm_1/U0/Use_E2.BSCAN_I/DRCK                     |            33.3 |
| design_mb_tg_i/mdm_1/U0/Use_E2.BSCAN_I/Use_E2.BSCANE2_I/UPDATE | design_mb_tg_i/mdm_1/U0/Use_E2.BSCAN_I/Ext_JTAG_UPDATE          |            33.3 |
| sys_clk_pin                                                    | sys_clock                                                       |            10.0 |
| sys_clock                                                      | sys_clock                                                       |            10.0 |
+----------------------------------------------------------------+-----------------------------------------------------------------+-----------------+


3. Detailed Reports
-------------------

3.1 By Hierarchy
----------------

+-------------------------------+-----------+
| Name                          | Power (W) |
+-------------------------------+-----------+
| design_mb_tg_wrapper          |     0.152 |
|   design_mb_tg_i              |     0.135 |
|     AXI4_TickGenerator_0      |     0.001 |
|       inst                    |     0.001 |
|     AXI4_fndController_0      |     0.002 |
|       inst                    |     0.002 |
|     clk_wiz_1                 |     0.106 |
|       inst                    |     0.106 |
|     microblaze_0              |     0.014 |
|       U0                      |     0.014 |
|     microblaze_0_local_memory |     0.008 |
|       lmb_bram                |     0.008 |
+-------------------------------+-----------+


